<?xml version="1.0" encoding="UTF-8"?>
<!-- Generated by org.testng.reporters.JUnitReportReporter -->
<testsuite skipped="0" hostname="DESKTOP-CN3CBMR" name="pack1.DDTFWtest" tests="3" failures="0" timestamp="30 Aug 2021 03:24:29 GMT" time="145.180" errors="0">
  <testcase name="laptest" time="54.040" classname="pack1.DDTFWtest"/>
  <testcase name="spktest" time="52.121" classname="pack1.DDTFWtest"/>
  <testcase name="tabtest" time="39.019" classname="pack1.DDTFWtest"/>
</testsuite> <!-- pack1.DDTFWtest -->
