<?xml version="1.0" encoding="UTF-8"?>
<!-- Generated by org.testng.reporters.JUnitReportReporter -->
<testsuite skipped="0" hostname="DESKTOP-CN3CBMR" name="pack1.Uitest1" tests="1" failures="0" timestamp="24 Aug 2021 02:57:56 GMT" time="25.646" errors="0">
  <testcase name="test1" time="25.646" classname="pack1.Uitest1"/>
</testsuite> <!-- pack1.Uitest1 -->
